<?xml version="1.0" encoding="UTF-8"?>
<testng-results ignored="0" total="3" passed="3" failed="0" skipped="0">
  <reporter-output>
  </reporter-output>
  <suite started-at="2025-06-09T23:47:14 WAT" name="Default suite" finished-at="2025-06-09T23:47:17 WAT" duration-ms="2482">
    <groups>
    </groups>
    <test started-at="2025-06-09T23:47:14 WAT" name="Default test" finished-at="2025-06-09T23:47:17 WAT" duration-ms="2482">
      <class name="DynamicJson">
        <test-method signature="addBook(java.lang.String,java.lang.String)[pri:0, instance:DynamicJson@45099dd3]" started-at="2025-06-09T23:47:14 WAT" name="addBook" data-provider="BooksData" finished-at="2025-06-09T23:47:16 WAT" duration-ms="1235" status="PASS">
          <params>
            <param index="0">
              <value>
                <![CDATA[five]]>
              </value>
            </param>
            <param index="1">
              <value>
                <![CDATA[0980]]>
              </value>
            </param>
          </params>
          <reporter-output>
          </reporter-output>
        </test-method> <!-- addBook -->
        <test-method signature="addBook(java.lang.String,java.lang.String)[pri:0, instance:DynamicJson@45099dd3]" started-at="2025-06-09T23:47:16 WAT" name="addBook" data-provider="BooksData" finished-at="2025-06-09T23:47:16 WAT" duration-ms="598" status="PASS">
          <params>
            <param index="0">
              <value>
                <![CDATA[hive]]>
              </value>
            </param>
            <param index="1">
              <value>
                <![CDATA[0980]]>
              </value>
            </param>
          </params>
          <reporter-output>
          </reporter-output>
        </test-method> <!-- addBook -->
        <test-method signature="addBook(java.lang.String,java.lang.String)[pri:0, instance:DynamicJson@45099dd3]" started-at="2025-06-09T23:47:16 WAT" name="addBook" data-provider="BooksData" finished-at="2025-06-09T23:47:17 WAT" duration-ms="629" status="PASS">
          <params>
            <param index="0">
              <value>
                <![CDATA[dive]]>
              </value>
            </param>
            <param index="1">
              <value>
                <![CDATA[0980]]>
              </value>
            </param>
          </params>
          <reporter-output>
          </reporter-output>
        </test-method> <!-- addBook -->
      </class> <!-- DynamicJson -->
    </test> <!-- Default test -->
  </suite> <!-- Default suite -->
</testng-results>
