<?xml version="1.0" encoding="UTF-8"?>
<testng-results ignored="0" total="3" passed="3" failed="0" skipped="0">
  <reporter-output>
  </reporter-output>
  <suite started-at="2024-09-17T17:57:37 WAT" name="Default suite" finished-at="2024-09-17T17:57:39 WAT" duration-ms="2484">
    <groups>
    </groups>
    <test started-at="2024-09-17T17:57:37 WAT" name="Default test" finished-at="2024-09-17T17:57:39 WAT" duration-ms="2484">
      <class name="DynamicJson">
        <test-method signature="addBook(java.lang.String,java.lang.String)[pri:0, instance:DynamicJson@41e36e46]" started-at="2024-09-17T17:57:37 WAT" name="addBook" data-provider="BooksData" finished-at="2024-09-17T17:57:38 WAT" duration-ms="1242" status="PASS">
          <params>
            <param index="0">
              <value>
                <![CDATA[five]]>
              </value>
            </param>
            <param index="1">
              <value>
                <![CDATA[0989]]>
              </value>
            </param>
          </params>
          <reporter-output>
          </reporter-output>
        </test-method> <!-- addBook -->
        <test-method signature="addBook(java.lang.String,java.lang.String)[pri:0, instance:DynamicJson@41e36e46]" started-at="2024-09-17T17:57:38 WAT" name="addBook" data-provider="BooksData" finished-at="2024-09-17T17:57:38 WAT" duration-ms="626" status="PASS">
          <params>
            <param index="0">
              <value>
                <![CDATA[hive]]>
              </value>
            </param>
            <param index="1">
              <value>
                <![CDATA[0989]]>
              </value>
            </param>
          </params>
          <reporter-output>
          </reporter-output>
        </test-method> <!-- addBook -->
        <test-method signature="addBook(java.lang.String,java.lang.String)[pri:0, instance:DynamicJson@41e36e46]" started-at="2024-09-17T17:57:38 WAT" name="addBook" data-provider="BooksData" finished-at="2024-09-17T17:57:39 WAT" duration-ms="599" status="PASS">
          <params>
            <param index="0">
              <value>
                <![CDATA[dive]]>
              </value>
            </param>
            <param index="1">
              <value>
                <![CDATA[0989]]>
              </value>
            </param>
          </params>
          <reporter-output>
          </reporter-output>
        </test-method> <!-- addBook -->
      </class> <!-- DynamicJson -->
    </test> <!-- Default test -->
  </suite> <!-- Default suite -->
</testng-results>
